<?xml version="1.0" encoding="UTF-8"?>
<testng-results ignored="0" total="1" passed="1" failed="0" skipped="0">
  <reporter-output>
  </reporter-output>
  <suite started-at="2021-12-13T12:45:13 IST" name="Default suite" finished-at="2021-12-13T12:45:20 IST" duration-ms="7545">
    <groups>
    </groups>
    <test started-at="2021-12-13T12:45:13 IST" name="Default test" finished-at="2021-12-13T12:45:20 IST" duration-ms="7545">
      <class name="basictest.Test1">
        <test-method signature="test1()[pri:0, instance:basictest.Test1@9225652]" started-at="2021-12-13T12:45:13 IST" name="test1" finished-at="2021-12-13T12:45:20 IST" duration-ms="7368" status="PASS">
          <reporter-output>
          </reporter-output>
        </test-method> <!-- test1 -->
      </class> <!-- basictest.Test1 -->
    </test> <!-- Default test -->
  </suite> <!-- Default suite -->
</testng-results>
